Tue May 12 05:30:03 BST 2020 : Apache Derby Network Server - 10.13.1.1 - (1765088) started and ready to accept connections on port 1527
----------------------------------------------------------------
Tue May 12 05:30:04 BST 2020:
Booting Derby version The Apache Software Foundation - Apache Derby - 10.13.1.1 - (1765088): instance a816c00e-0172-0725-9715-00006ea5b51e 
on database directory D:\webapps2020\db\WebappsDB with class loader jdk.internal.loader.ClassLoaders$AppClassLoader@c387f44 
Loaded from file:/D:/payara/javadb/lib/derby.jar
java.vendor=N/A
java.runtime.version=12.0.2-ojdkbuild+9
user.dir=d:\payara\javadb
os.name=Windows 10
os.arch=amd64
os.version=10.0
derby.system.home=d:\webapps2020\db
Database Class Loader started - derby.database.classpath=''
----------------------------------------------------------------
Tue May 12 05:30:14 BST 2020:
Shutting down instance a816c00e-0172-0725-9715-00006ea5b51e on database directory D:\webapps2020\db\WebappsDB with class loader jdk.internal.loader.ClassLoaders$AppClassLoader@c387f44 
Tue May 12 05:30:14 BST 2020 Thread[DRDAConnThread_3,5,main] (DATABASE = WebappsDB), (DRDAID = {2}), Database 'WebappsDB' shutdown.
----------------------------------------------------------------
Tue May 12 05:30:18 BST 2020:
Booting Derby version The Apache Software Foundation - Apache Derby - 10.13.1.1 - (1765088): instance 6ede40af-0172-0725-9715-00006ea5b51e 
on database directory D:\webapps2020\db\WebappsDB with class loader jdk.internal.loader.ClassLoaders$AppClassLoader@c387f44 
Loaded from file:/D:/payara/javadb/lib/derby.jar
java.vendor=N/A
java.runtime.version=12.0.2-ojdkbuild+9
user.dir=d:\payara\javadb
os.name=Windows 10
os.arch=amd64
os.version=10.0
derby.system.home=d:\webapps2020\db
Database Class Loader started - derby.database.classpath=''
----------------------------------------------------------------
Tue May 12 17:18:28 BST 2020: Shutting down Derby engine
